<?xml version="1.0" encoding="UTF-8"?>
<!-- Generated by org.testng.reporters.JUnitReportReporter -->
<testsuite hostname="DESKTOP-T0PR8DN" failures="0" tests="10" name="com.mindtree.runner.BDDTestRunner" time="277.044" errors="0" timestamp="2022-01-17T17:05:00 IST" skipped="0">
  <testcase classname="com.mindtree.runner.BDDTestRunner" name="runScenario" time="53.481"/>
  <testcase classname="com.mindtree.runner.BDDTestRunner" name="runScenario" time="12.449"/>
  <testcase classname="com.mindtree.runner.BDDTestRunner" name="runScenario" time="38.058"/>
  <testcase classname="com.mindtree.runner.BDDTestRunner" name="runScenario" time="27.688"/>
  <testcase classname="com.mindtree.runner.BDDTestRunner" name="runScenario" time="20.417"/>
  <testcase classname="com.mindtree.runner.BDDTestRunner" name="runScenario" time="28.157"/>
  <testcase classname="com.mindtree.runner.BDDTestRunner" name="runScenario" time="29.626"/>
  <testcase classname="com.mindtree.runner.BDDTestRunner" name="runScenario" time="19.971"/>
  <testcase classname="com.mindtree.runner.BDDTestRunner" name="runScenario" time="23.769"/>
  <testcase classname="com.mindtree.runner.BDDTestRunner" name="runScenario" time="23.428"/>
</testsuite> <!-- com.mindtree.runner.BDDTestRunner -->
